  Reading Qt configuration (C:\Qt\Qt5.14.2\5.14.2\msvc2017_64\bin\qmake.exe)
  Uic'ing signup.ui...
  Moc'ing signup.h...
  Admin.cpp
  Customer.cpp
  dashboard.cpp
  Guest.cpp
  main.cpp
  mainwindow.cpp
  type.cpp
  User.cpp
C:\Users\Alireza\Desktop\Project\Onket\Project\Main\Onket\Customer.cpp(47,56): warning C4100: 'number': unreferenced formal parameter
C:\Users\Alireza\Desktop\Project\Onket\Project\Main\Onket\Customer.cpp(51,57): warning C4100: 'number': unreferenced formal parameter
  moc_mainwindow.cpp
  moc_dashboard.cpp
  moc_signup.cpp
mainwindow.obj : error LNK2019: unresolved external symbol "public: __cdecl signup::signup(class QWidget *)" (??0signup@@QEAA@PEAVQWidget@@@Z) referenced in function "private: void __cdecl MainWindow::on_action_11_triggered(void)" (?on_action_11_triggered@MainWindow@@AEAAXXZ)
moc_signup.obj : error LNK2019: unresolved external symbol "private: void __cdecl signup::on_lineEdit_3_editingFinished(void)" (?on_lineEdit_3_editingFinished@signup@@AEAAXXZ) referenced in function "private: static void __cdecl signup::qt_static_metacall(class QObject *,enum QMetaObject::Call,int,void * *)" (?qt_static_metacall@signup@@CAXPEAVQObject@@W4Call@QMetaObject@@HPEAPEAX@Z)
moc_signup.obj : error LNK2019: unresolved external symbol "private: void __cdecl signup::on_lineEdit_editingFinished(void)" (?on_lineEdit_editingFinished@signup@@AEAAXXZ) referenced in function "private: static void __cdecl signup::qt_static_metacall(class QObject *,enum QMetaObject::Call,int,void * *)" (?qt_static_metacall@signup@@CAXPEAVQObject@@W4Call@QMetaObject@@HPEAPEAX@Z)
moc_signup.obj : error LNK2019: unresolved external symbol "private: void __cdecl signup::on_lineEdit_2_editingFinished(void)" (?on_lineEdit_2_editingFinished@signup@@AEAAXXZ) referenced in function "private: static void __cdecl signup::qt_static_metacall(class QObject *,enum QMetaObject::Call,int,void * *)" (?qt_static_metacall@signup@@CAXPEAVQObject@@W4Call@QMetaObject@@HPEAPEAX@Z)
moc_signup.obj : error LNK2019: unresolved external symbol "private: void __cdecl signup::on_checkBox_stateChanged(void)" (?on_checkBox_stateChanged@signup@@AEAAXXZ) referenced in function "private: static void __cdecl signup::qt_static_metacall(class QObject *,enum QMetaObject::Call,int,void * *)" (?qt_static_metacall@signup@@CAXPEAVQObject@@W4Call@QMetaObject@@HPEAPEAX@Z)
moc_signup.obj : error LNK2019: unresolved external symbol "private: void __cdecl signup::on_commandLinkButton_clicked(void)" (?on_commandLinkButton_clicked@signup@@AEAAXXZ) referenced in function "private: static void __cdecl signup::qt_static_metacall(class QObject *,enum QMetaObject::Call,int,void * *)" (?qt_static_metacall@signup@@CAXPEAVQObject@@W4Call@QMetaObject@@HPEAPEAX@Z)
debug\\Onket.exe : fatal error LNK1120: 6 unresolved externals
